<?xml version="1.0" encoding="UTF-8"?>
<testng-results ignored="0" total="2" passed="2" failed="0" skipped="0">
  <reporter-output>
  </reporter-output>
  <suite started-at="2025-07-04T23:22:35 IST" name="Suite" finished-at="2025-07-04T23:23:19 IST" duration-ms="43860">
    <groups>
    </groups>
    <test started-at="2025-07-04T23:22:35 IST" name="Test" finished-at="2025-07-04T23:23:19 IST" duration-ms="43860">
      <class name="com.entrata.automation.tests.DownloadGuide">
        <test-method is-config="true" signature="launchApplication()[pri:0, instance:com.entrata.automation.tests.DownloadGuide@180e6ac4]" started-at="2025-07-04T23:22:35 IST" name="launchApplication" finished-at="2025-07-04T23:22:51 IST" duration-ms="16088" status="PASS">
          <reporter-output>
          </reporter-output>
        </test-method> <!-- launchApplication -->
        <test-method signature="testDownloadGuideForm(java.lang.String,java.lang.String,java.lang.String,java.lang.String,java.lang.String,java.lang.String,int)[pri:0, instance:com.entrata.automation.tests.DownloadGuide@180e6ac4]" started-at="2025-07-04T23:22:51 IST" name="testDownloadGuideForm" data-provider="formDataProvider" finished-at="2025-07-04T23:22:57 IST" duration-ms="5855" status="PASS">
          <params>
            <param index="0">
              <value>
                <![CDATA[Tejas]]>
              </value>
            </param>
            <param index="1">
              <value>
                <![CDATA[Gondake]]>
              </value>
            </param>
            <param index="2">
              <value>
                <![CDATA[tejasgondake.work@gmail.com]]>
              </value>
            </param>
            <param index="3">
              <value>
                <![CDATA[Cognizant]]>
              </value>
            </param>
            <param index="4">
              <value>
                <![CDATA[1234567890]]>
              </value>
            </param>
            <param index="5">
              <value>
                <![CDATA[QA Engineer]]>
              </value>
            </param>
            <param index="6">
              <value>
                <![CDATA[109]]>
              </value>
            </param>
          </params>
          <reporter-output>
          </reporter-output>
        </test-method> <!-- testDownloadGuideForm -->
        <test-method is-config="true" signature="closeBrowser()[pri:0, instance:com.entrata.automation.tests.DownloadGuide@180e6ac4]" started-at="2025-07-04T23:22:57 IST" name="closeBrowser" finished-at="2025-07-04T23:22:58 IST" duration-ms="215" status="PASS">
          <reporter-output>
          </reporter-output>
        </test-method> <!-- closeBrowser -->
        <test-method is-config="true" signature="launchApplication()[pri:0, instance:com.entrata.automation.tests.DownloadGuide@180e6ac4]" started-at="2025-07-04T23:22:58 IST" name="launchApplication" finished-at="2025-07-04T23:23:15 IST" duration-ms="17403" status="PASS">
          <reporter-output>
          </reporter-output>
        </test-method> <!-- launchApplication -->
        <test-method signature="testDownloadGuideForm(java.lang.String,java.lang.String,java.lang.String,java.lang.String,java.lang.String,java.lang.String,int)[pri:0, instance:com.entrata.automation.tests.DownloadGuide@180e6ac4]" started-at="2025-07-04T23:23:15 IST" name="testDownloadGuideForm" data-provider="formDataProvider" finished-at="2025-07-04T23:23:19 IST" duration-ms="3838" status="PASS">
          <params>
            <param index="0">
              <value>
                <![CDATA[Yash]]>
              </value>
            </param>
            <param index="1">
              <value>
                <![CDATA[Sawant]]>
              </value>
            </param>
            <param index="2">
              <value>
                <![CDATA[Yash.sawant@gmail.com]]>
              </value>
            </param>
            <param index="3">
              <value>
                <![CDATA[Cognizant]]>
              </value>
            </param>
            <param index="4">
              <value>
                <![CDATA[1134567890]]>
              </value>
            </param>
            <param index="5">
              <value>
                <![CDATA[Automation Tester]]>
              </value>
            </param>
            <param index="6">
              <value>
                <![CDATA[2500]]>
              </value>
            </param>
          </params>
          <reporter-output>
          </reporter-output>
        </test-method> <!-- testDownloadGuideForm -->
        <test-method is-config="true" signature="closeBrowser()[pri:0, instance:com.entrata.automation.tests.DownloadGuide@180e6ac4]" started-at="2025-07-04T23:23:19 IST" name="closeBrowser" finished-at="2025-07-04T23:23:19 IST" duration-ms="274" status="PASS">
          <reporter-output>
          </reporter-output>
        </test-method> <!-- closeBrowser -->
      </class> <!-- com.entrata.automation.tests.DownloadGuide -->
    </test> <!-- Test -->
  </suite> <!-- Suite -->
</testng-results>
